This is pdfTeX, Version 3.141592653-2.6-1.40.25 (TeX Live 2023) (preloaded format=pdflatex 2023.12.8)  26 JAN 2024 16:22
entering extended mode
 restricted \write18 enabled.
 %&-line parsing enabled.
**CT4H_lecture_notes.tex
(./CT4H_lecture_notes.tex
LaTeX2e <2023-11-01>
L3 programming layer <2023-11-09>
(/Users/rachelo/Library/TinyTeX/texmf-dist/tex/latex/base/book.cls
Document Class: book 2023/05/17 v1.4n Standard LaTeX document class
(/Users/rachelo/Library/TinyTeX/texmf-dist/tex/latex/base/bk10.clo
File: bk10.clo 2023/05/17 v1.4n Standard LaTeX file (size option)
)
\c@part=\count186
\c@chapter=\count187
\c@section=\count188
\c@subsection=\count189
\c@subsubsection=\count190
\c@paragraph=\count191
\c@subparagraph=\count192
\c@figure=\count193
\c@table=\count194
\abovecaptionskip=\skip48
\belowcaptionskip=\skip49
\bibindent=\dimen140
) (/Users/rachelo/Library/TinyTeX/texmf-dist/tex/latex/amsmath/amsmath.sty
Package: amsmath 2023/05/13 v2.17o AMS math features
\@mathmargin=\skip50
For additional information on amsmath, use the `?' option.
(/Users/rachelo/Library/TinyTeX/texmf-dist/tex/latex/amsmath/amstext.sty
Package: amstext 2021/08/26 v2.01 AMS text
(/Users/rachelo/Library/TinyTeX/texmf-dist/tex/latex/amsmath/amsgen.sty
File: amsgen.sty 1999/11/30 v2.0 generic functions
\@emptytoks=\toks17
\ex@=\dimen141
)) (/Users/rachelo/Library/TinyTeX/texmf-dist/tex/latex/amsmath/amsbsy.sty
Package: amsbsy 1999/11/29 v1.2d Bold Symbols
\pmbraise@=\dimen142
) (/Users/rachelo/Library/TinyTeX/texmf-dist/tex/latex/amsmath/amsopn.sty
Package: amsopn 2022/04/08 v2.04 operator names
)
\inf@bad=\count195
LaTeX Info: Redefining \frac on input line 234.
\uproot@=\count196
\leftroot@=\count197
LaTeX Info: Redefining \overline on input line 399.
LaTeX Info: Redefining \colon on input line 410.
\classnum@=\count198
\DOTSCASE@=\count199
LaTeX Info: Redefining \ldots on input line 496.
LaTeX Info: Redefining \dots on input line 499.
LaTeX Info: Redefining \cdots on input line 620.
\Mathstrutbox@=\box51
\strutbox@=\box52
LaTeX Info: Redefining \big on input line 722.
LaTeX Info: Redefining \Big on input line 723.
LaTeX Info: Redefining \bigg on input line 724.
LaTeX Info: Redefining \Bigg on input line 725.
\big@size=\dimen143
LaTeX Font Info:    Redeclaring font encoding OML on input line 743.
LaTeX Font Info:    Redeclaring font encoding OMS on input line 744.
\macc@depth=\count266
LaTeX Info: Redefining \bmod on input line 905.
LaTeX Info: Redefining \pmod on input line 910.
LaTeX Info: Redefining \smash on input line 940.
LaTeX Info: Redefining \relbar on input line 970.
LaTeX Info: Redefining \Relbar on input line 971.
\c@MaxMatrixCols=\count267
\dotsspace@=\muskip16
\c@parentequation=\count268
\dspbrk@lvl=\count269
\tag@help=\toks18
\row@=\count270
\column@=\count271
\maxfields@=\count272
\andhelp@=\toks19
\eqnshift@=\dimen144
\alignsep@=\dimen145
\tagshift@=\dimen146
\tagwidth@=\dimen147
\totwidth@=\dimen148
\lineht@=\dimen149
\@envbody=\toks20
\multlinegap=\skip51
\multlinetaggap=\skip52
\mathdisplay@stack=\toks21
LaTeX Info: Redefining \[ on input line 2953.
LaTeX Info: Redefining \] on input line 2954.
) (/Users/rachelo/Library/TinyTeX/texmf-dist/tex/latex/amsfonts/amssymb.sty
Package: amssymb 2013/01/14 v3.01 AMS font symbols
(/Users/rachelo/Library/TinyTeX/texmf-dist/tex/latex/amsfonts/amsfonts.sty
Package: amsfonts 2013/01/14 v3.01 Basic AMSFonts support
\symAMSa=\mathgroup4
\symAMSb=\mathgroup5
LaTeX Font Info:    Redeclaring math symbol \hbar on input line 98.
LaTeX Font Info:    Overwriting math alphabet `\mathfrak' in version `bold'
(Font)                  U/euf/m/n --> U/euf/b/n on input line 106.
)) (/Users/rachelo/Library/TinyTeX/texmf-dist/tex/generic/iftex/iftex.sty
Package: iftex 2022/02/03 v1.0f TeX engine tests
) (/Users/rachelo/Library/TinyTeX/texmf-dist/tex/latex/base/fontenc.sty
Package: fontenc 2021/04/29 v2.0v Standard LaTeX package
) (/Users/rachelo/Library/TinyTeX/texmf-dist/tex/latex/base/inputenc.sty
Package: inputenc 2021/02/14 v1.3d Input encoding file
\inpenc@prehook=\toks22
\inpenc@posthook=\toks23
) (/Users/rachelo/Library/TinyTeX/texmf-dist/tex/latex/base/textcomp.sty
Package: textcomp 2020/02/02 v2.0n Standard LaTeX package
) (/Users/rachelo/Library/TinyTeX/texmf-dist/tex/latex/lm/lmodern.sty
Package: lmodern 2015/05/01 v1.6.1 Latin Modern Fonts
LaTeX Font Info:    Overwriting symbol font `operators' in version `normal'
(Font)                  OT1/cmr/m/n --> OT1/lmr/m/n on input line 22.
LaTeX Font Info:    Overwriting symbol font `letters' in version `normal'
(Font)                  OML/cmm/m/it --> OML/lmm/m/it on input line 23.
LaTeX Font Info:    Overwriting symbol font `symbols' in version `normal'
(Font)                  OMS/cmsy/m/n --> OMS/lmsy/m/n on input line 24.
LaTeX Font Info:    Overwriting symbol font `largesymbols' in version `normal'
(Font)                  OMX/cmex/m/n --> OMX/lmex/m/n on input line 25.
LaTeX Font Info:    Overwriting symbol font `operators' in version `bold'
(Font)                  OT1/cmr/bx/n --> OT1/lmr/bx/n on input line 26.
LaTeX Font Info:    Overwriting symbol font `letters' in version `bold'
(Font)                  OML/cmm/b/it --> OML/lmm/b/it on input line 27.
LaTeX Font Info:    Overwriting symbol font `symbols' in version `bold'
(Font)                  OMS/cmsy/b/n --> OMS/lmsy/b/n on input line 28.
LaTeX Font Info:    Overwriting symbol font `largesymbols' in version `bold'
(Font)                  OMX/cmex/m/n --> OMX/lmex/m/n on input line 29.
LaTeX Font Info:    Overwriting math alphabet `\mathbf' in version `normal'
(Font)                  OT1/cmr/bx/n --> OT1/lmr/bx/n on input line 31.
LaTeX Font Info:    Overwriting math alphabet `\mathsf' in version `normal'
(Font)                  OT1/cmss/m/n --> OT1/lmss/m/n on input line 32.
LaTeX Font Info:    Overwriting math alphabet `\mathit' in version `normal'
(Font)                  OT1/cmr/m/it --> OT1/lmr/m/it on input line 33.
LaTeX Font Info:    Overwriting math alphabet `\mathtt' in version `normal'
(Font)                  OT1/cmtt/m/n --> OT1/lmtt/m/n on input line 34.
LaTeX Font Info:    Overwriting math alphabet `\mathbf' in version `bold'
(Font)                  OT1/cmr/bx/n --> OT1/lmr/bx/n on input line 35.
LaTeX Font Info:    Overwriting math alphabet `\mathsf' in version `bold'
(Font)                  OT1/cmss/bx/n --> OT1/lmss/bx/n on input line 36.
LaTeX Font Info:    Overwriting math alphabet `\mathit' in version `bold'
(Font)                  OT1/cmr/bx/it --> OT1/lmr/bx/it on input line 37.
LaTeX Font Info:    Overwriting math alphabet `\mathtt' in version `bold'
(Font)                  OT1/cmtt/m/n --> OT1/lmtt/m/n on input line 38.
) (/Users/rachelo/Library/TinyTeX/texmf-dist/tex/latex/xcolor/xcolor.sty
Package: xcolor 2023/11/15 v3.01 LaTeX color extensions (UK)
(/Users/rachelo/Library/TinyTeX/texmf-dist/tex/latex/graphics-cfg/color.cfg
File: color.cfg 2016/01/02 v1.6 sample color configuration
)
Package xcolor Info: Driver file: pdftex.def on input line 274.
(/Users/rachelo/Library/TinyTeX/texmf-dist/tex/latex/graphics-def/pdftex.def
File: pdftex.def 2022/09/22 v1.2b Graphics/color driver for pdftex
) (/Users/rachelo/Library/TinyTeX/texmf-dist/tex/latex/graphics/mathcolor.ltx)
Package xcolor Info: Model `cmy' substituted by `cmy0' on input line 1350.
Package xcolor Info: Model `hsb' substituted by `rgb' on input line 1354.
Package xcolor Info: Model `RGB' extended on input line 1366.
Package xcolor Info: Model `HTML' substituted by `rgb' on input line 1368.
Package xcolor Info: Model `Hsb' substituted by `hsb' on input line 1369.
Package xcolor Info: Model `tHsb' substituted by `hsb' on input line 1370.
Package xcolor Info: Model `HSB' substituted by `hsb' on input line 1371.
Package xcolor Info: Model `Gray' substituted by `gray' on input line 1372.
Package xcolor Info: Model `wave' substituted by `hsb' on input line 1373.
) (/Users/rachelo/Library/TinyTeX/texmf-dist/tex/latex/geometry/geometry.sty
Package: geometry 2020/01/02 v5.9 Page Geometry
(/Users/rachelo/Library/TinyTeX/texmf-dist/tex/latex/graphics/keyval.sty
Package: keyval 2022/05/29 v1.15 key=value parser (DPC)
\KV@toks@=\toks24
) (/Users/rachelo/Library/TinyTeX/texmf-dist/tex/generic/iftex/ifvtex.sty
Package: ifvtex 2019/10/25 v1.7 ifvtex legacy package. Use iftex instead.
)
\Gm@cnth=\count273
\Gm@cntv=\count274
\c@Gm@tempcnt=\count275
\Gm@bindingoffset=\dimen150
\Gm@wd@mp=\dimen151
\Gm@odd@mp=\dimen152
\Gm@even@mp=\dimen153
\Gm@layoutwidth=\dimen154
\Gm@layoutheight=\dimen155
\Gm@layouthoffset=\dimen156
\Gm@layoutvoffset=\dimen157
\Gm@dimlist=\toks25
) (/Users/rachelo/Library/TinyTeX/texmf-dist/tex/latex/fancyvrb/fancyvrb.sty
Package: fancyvrb 2023/11/06 4.5b verbatim text (tvz,hv)
\FV@CodeLineNo=\count276
\FV@InFile=\read2
\FV@TabBox=\box53
\c@FancyVerbLine=\count277
\FV@StepNumber=\count278
\FV@OutFile=\write3
) (/Users/rachelo/Library/TinyTeX/texmf-dist/tex/latex/framed/framed.sty
Package: framed 2011/10/22 v 0.96: framed or shaded text with page breaks
\OuterFrameSep=\skip53
\fb@frw=\dimen158
\fb@frh=\dimen159
\FrameRule=\dimen160
\FrameSep=\dimen161
) (/Users/rachelo/Library/TinyTeX/texmf-dist/tex/latex/tools/longtable.sty
Package: longtable 2023-11-01 v4.19 Multi-page Table package (DPC)
\LTleft=\skip54
\LTright=\skip55
\LTpre=\skip56
\LTpost=\skip57
\LTchunksize=\count279
\LTcapwidth=\dimen162
\LT@head=\box54
\LT@firsthead=\box55
\LT@foot=\box56
\LT@lastfoot=\box57
\LT@gbox=\box58
\LT@cols=\count280
\LT@rows=\count281
\c@LT@tables=\count282
\c@LT@chunks=\count283
\LT@p@ftn=\toks26
) (/Users/rachelo/Library/TinyTeX/texmf-dist/tex/latex/booktabs/booktabs.sty
Package: booktabs 2020/01/12 v1.61803398 Publication quality tables
\heavyrulewidth=\dimen163
\lightrulewidth=\dimen164
\cmidrulewidth=\dimen165
\belowrulesep=\dimen166
\belowbottomsep=\dimen167
\aboverulesep=\dimen168
\abovetopsep=\dimen169
\cmidrulesep=\dimen170
\cmidrulekern=\dimen171
\defaultaddspace=\dimen172
\@cmidla=\count284
\@cmidlb=\count285
\@aboverulesep=\dimen173
\@belowrulesep=\dimen174
\@thisruleclass=\count286
\@lastruleclass=\count287
\@thisrulewidth=\dimen175
) (/Users/rachelo/Library/TinyTeX/texmf-dist/tex/latex/tools/array.sty
Package: array 2023/10/16 v2.5g Tabular extension package (FMi)
\col@sep=\dimen176
\ar@mcellbox=\box59
\extrarowheight=\dimen177
\NC@list=\toks27
\extratabsurround=\skip58
\backup@length=\skip59
\ar@cellbox=\box60
) (/Users/rachelo/Library/TinyTeX/texmf-dist/tex/latex/tools/calc.sty
Package: calc 2023/07/08 v4.3 Infix arithmetic (KKT,FJ)
\calc@Acount=\count288
\calc@Bcount=\count289
\calc@Adimen=\dimen178
\calc@Bdimen=\dimen179
\calc@Askip=\skip60
\calc@Bskip=\skip61
LaTeX Info: Redefining \setlength on input line 80.
LaTeX Info: Redefining \addtolength on input line 81.
\calc@Ccount=\count290
\calc@Cskip=\skip62
) (/Users/rachelo/Library/TinyTeX/texmf-dist/tex/latex/etoolbox/etoolbox.sty
Package: etoolbox 2020/10/05 v2.5k e-TeX tools for LaTeX (JAW)
\etb@tempcnta=\count291
) (/Users/rachelo/Library/TinyTeX/texmf-dist/tex/latex/mdwtools/footnote.sty
Package: footnote 1997/01/28 1.13 Save footnotes around boxes
\fn@notes=\box61
\fn@width=\dimen180
) (/Users/rachelo/Library/TinyTeX/texmf-dist/tex/latex/graphics/graphicx.sty
Package: graphicx 2021/09/16 v1.2d Enhanced LaTeX Graphics (DPC,SPQR)
(/Users/rachelo/Library/TinyTeX/texmf-dist/tex/latex/graphics/graphics.sty
Package: graphics 2022/03/10 v1.4e Standard LaTeX Graphics (DPC,SPQR)
(/Users/rachelo/Library/TinyTeX/texmf-dist/tex/latex/graphics/trig.sty
Package: trig 2021/08/11 v1.11 sin cos tan (DPC)
) (/Users/rachelo/Library/TinyTeX/texmf-dist/tex/latex/graphics-cfg/graphics.cfg
File: graphics.cfg 2016/06/04 v1.11 sample graphics configuration
)
Package graphics Info: Driver file: pdftex.def on input line 107.
)
\Gin@req@height=\dimen181
\Gin@req@width=\dimen182
)
\cslhangindent=\skip63
\csllabelwidth=\skip64
\cslentryspacingunit=\skip65
(/Users/rachelo/Library/TinyTeX/texmf-dist/tex/latex/hyperref/hyperref.sty
Package: hyperref 2023-11-26 v7.01g Hypertext links for LaTeX
(/Users/rachelo/Library/TinyTeX/texmf-dist/tex/generic/infwarerr/infwarerr.sty
Package: infwarerr 2019/12/03 v1.5 Providing info/warning/error messages (HO)
) (/Users/rachelo/Library/TinyTeX/texmf-dist/tex/latex/kvsetkeys/kvsetkeys.sty
Package: kvsetkeys 2022-10-05 v1.19 Key value parser (HO)
) (/Users/rachelo/Library/TinyTeX/texmf-dist/tex/generic/kvdefinekeys/kvdefinekeys.sty
Package: kvdefinekeys 2019-12-19 v1.6 Define keys (HO)
) (/Users/rachelo/Library/TinyTeX/texmf-dist/tex/generic/pdfescape/pdfescape.sty
Package: pdfescape 2019/12/09 v1.15 Implements pdfTeX's escape features (HO)
(/Users/rachelo/Library/TinyTeX/texmf-dist/tex/generic/ltxcmds/ltxcmds.sty
Package: ltxcmds 2023-12-04 v1.26 LaTeX kernel commands for general use (HO)
) (/Users/rachelo/Library/TinyTeX/texmf-dist/tex/generic/pdftexcmds/pdftexcmds.sty
Package: pdftexcmds 2020-06-27 v0.33 Utility functions of pdfTeX for LuaTeX (HO)
Package pdftexcmds Info: \pdf@primitive is available.
Package pdftexcmds Info: \pdf@ifprimitive is available.
Package pdftexcmds Info: \pdfdraftmode found.
)) (/Users/rachelo/Library/TinyTeX/texmf-dist/tex/latex/hycolor/hycolor.sty
Package: hycolor 2020-01-27 v1.10 Color options for hyperref/bookmark (HO)
) (/Users/rachelo/Library/TinyTeX/texmf-dist/tex/latex/letltxmacro/letltxmacro.sty
Package: letltxmacro 2019/12/03 v1.6 Let assignment for LaTeX macros (HO)
) (/Users/rachelo/Library/TinyTeX/texmf-dist/tex/latex/auxhook/auxhook.sty
Package: auxhook 2019-12-17 v1.6 Hooks for auxiliary files (HO)
) (/Users/rachelo/Library/TinyTeX/texmf-dist/tex/latex/hyperref/nameref.sty
Package: nameref 2023-11-26 v2.56 Cross-referencing by name of section
(/Users/rachelo/Library/TinyTeX/texmf-dist/tex/latex/refcount/refcount.sty
Package: refcount 2019/12/15 v3.6 Data extraction from label references (HO)
) (/Users/rachelo/Library/TinyTeX/texmf-dist/tex/generic/gettitlestring/gettitlestring.sty
Package: gettitlestring 2019/12/15 v1.6 Cleanup title references (HO)
(/Users/rachelo/Library/TinyTeX/texmf-dist/tex/latex/kvoptions/kvoptions.sty
Package: kvoptions 2022-06-15 v3.15 Key value format for package options (HO)
))
\c@section@level=\count292
)
\@linkdim=\dimen183
\Hy@linkcounter=\count293
\Hy@pagecounter=\count294
(/Users/rachelo/Library/TinyTeX/texmf-dist/tex/latex/hyperref/pd1enc.def
File: pd1enc.def 2023-11-26 v7.01g Hyperref: PDFDocEncoding definition (HO)
Now handling font encoding PD1 ...
... no UTF-8 mapping file for font encoding PD1
) (/Users/rachelo/Library/TinyTeX/texmf-dist/tex/generic/intcalc/intcalc.sty
Package: intcalc 2019/12/15 v1.3 Expandable calculations with integers (HO)
)
\Hy@SavedSpaceFactor=\count295
(/Users/rachelo/Library/TinyTeX/texmf-dist/tex/latex/hyperref/puenc.def
File: puenc.def 2023-11-26 v7.01g Hyperref: PDF Unicode definition (HO)
Now handling font encoding PU ...
... no UTF-8 mapping file for font encoding PU
)
Package hyperref Info: Option `unicode' set `true' on input line 4064.
Package hyperref Info: Hyper figures OFF on input line 4181.
Package hyperref Info: Link nesting OFF on input line 4186.
Package hyperref Info: Hyper index ON on input line 4189.
Package hyperref Info: Plain pages OFF on input line 4196.
Package hyperref Info: Backreferencing OFF on input line 4201.
Package hyperref Info: Implicit mode ON; LaTeX internals redefined.
Package hyperref Info: Bookmarks ON on input line 4448.
\c@Hy@tempcnt=\count296
(/Users/rachelo/Library/TinyTeX/texmf-dist/tex/latex/url/url.sty
\Urlmuskip=\muskip17
Package: url 2013/09/16  ver 3.4  Verb mode for urls, etc.
)
LaTeX Info: Redefining \url on input line 4786.
\XeTeXLinkMargin=\dimen184
(/Users/rachelo/Library/TinyTeX/texmf-dist/tex/generic/bitset/bitset.sty
Package: bitset 2019/12/09 v1.3 Handle bit-vector datatype (HO)
(/Users/rachelo/Library/TinyTeX/texmf-dist/tex/generic/bigintcalc/bigintcalc.sty
Package: bigintcalc 2019/12/15 v1.5 Expandable calculations on big integers (HO)
))
\Fld@menulength=\count297
\Field@Width=\dimen185
\Fld@charsize=\dimen186
Package hyperref Info: Hyper figures OFF on input line 6065.
Package hyperref Info: Link nesting OFF on input line 6070.
Package hyperref Info: Hyper index ON on input line 6073.
Package hyperref Info: backreferencing OFF on input line 6080.
Package hyperref Info: Link coloring OFF on input line 6085.
Package hyperref Info: Link coloring with OCG OFF on input line 6090.
Package hyperref Info: PDF/A mode OFF on input line 6095.
(/Users/rachelo/Library/TinyTeX/texmf-dist/tex/latex/base/atbegshi-ltx.sty
Package: atbegshi-ltx 2021/01/10 v1.0c Emulation of the original atbegshi
package with kernel methods
)
\Hy@abspage=\count298
\c@Item=\count299
\c@Hfootnote=\count300
)
Package hyperref Info: Driver (autodetected): hpdftex.
(/Users/rachelo/Library/TinyTeX/texmf-dist/tex/latex/hyperref/hpdftex.def
File: hpdftex.def 2023-11-26 v7.01g Hyperref driver for pdfTeX
(/Users/rachelo/Library/TinyTeX/texmf-dist/tex/latex/base/atveryend-ltx.sty
Package: atveryend-ltx 2020/08/19 v1.0a Emulation of the original atveryend package
with kernel methods
)
\Fld@listcount=\count301
\c@bookmark@seq@number=\count302
(/Users/rachelo/Library/TinyTeX/texmf-dist/tex/latex/rerunfilecheck/rerunfilecheck.sty
Package: rerunfilecheck 2022-07-10 v1.10 Rerun checks for auxiliary files (HO)
(/Users/rachelo/Library/TinyTeX/texmf-dist/tex/generic/uniquecounter/uniquecounter.sty
Package: uniquecounter 2019/12/15 v1.4 Provide unlimited unique counter (HO)
)
Package uniquecounter Info: New unique counter `rerunfilecheck' on input line 285.
)
\Hy@SectionHShift=\skip66
) (/Users/rachelo/Library/TinyTeX/texmf-dist/tex/latex/amscls/amsthm.sty
Package: amsthm 2020/05/29 v2.20.6
\thm@style=\toks28
\thm@bodyfont=\toks29
\thm@headfont=\toks30
\thm@notefont=\toks31
\thm@headpunct=\toks32
\thm@preskip=\skip67
\thm@postskip=\skip68
\thm@headsep=\skip69
\dth@everypar=\toks33
)
\c@theorem=\count303
\c@lemma=\count304
\c@corollary=\count305
\c@proposition=\count306
\c@conjecture=\count307
\c@definition=\count308
\c@example=\count309
\c@exercise=\count310
\c@hypothesis=\count311
LaTeX Font Info:    Trying to load font information for T1+lmr on input line 163.
(/Users/rachelo/Library/TinyTeX/texmf-dist/tex/latex/lm/t1lmr.fd
File: t1lmr.fd 2015/05/01 v1.6.1 Font defs for Latin Modern
) (/Users/rachelo/Library/TinyTeX/texmf-dist/tex/latex/l3backend/l3backend-pdftex.def
File: l3backend-pdftex.def 2024-01-04 L3 backend support: PDF output (pdfTeX)
\l__color_backend_stack_int=\count312
\l__pdf_internal_box=\box62
) (./CT4H_lecture_notes.aux)
\openout1 = `CT4H_lecture_notes.aux'.

LaTeX Font Info:    Checking defaults for OML/cmm/m/it on input line 163.
LaTeX Font Info:    ... okay on input line 163.
LaTeX Font Info:    Checking defaults for OMS/cmsy/m/n on input line 163.
LaTeX Font Info:    ... okay on input line 163.
LaTeX Font Info:    Checking defaults for OT1/cmr/m/n on input line 163.
LaTeX Font Info:    ... okay on input line 163.
LaTeX Font Info:    Checking defaults for T1/cmr/m/n on input line 163.
LaTeX Font Info:    ... okay on input line 163.
LaTeX Font Info:    Checking defaults for TS1/cmr/m/n on input line 163.
LaTeX Font Info:    ... okay on input line 163.
LaTeX Font Info:    Checking defaults for OMX/cmex/m/n on input line 163.
LaTeX Font Info:    ... okay on input line 163.
LaTeX Font Info:    Checking defaults for U/cmr/m/n on input line 163.
LaTeX Font Info:    ... okay on input line 163.
LaTeX Font Info:    Checking defaults for PD1/pdf/m/n on input line 163.
LaTeX Font Info:    ... okay on input line 163.
LaTeX Font Info:    Checking defaults for PU/pdf/m/n on input line 163.
LaTeX Font Info:    ... okay on input line 163.
(/Users/rachelo/Library/TinyTeX/texmf-dist/tex/latex/epstopdf-pkg/epstopdf-base.sty
Package: epstopdf-base 2020-01-24 v2.11 Base part for package epstopdf
Package epstopdf-base Info: Redefining graphics rule for `.eps' on input line 485.
(/Users/rachelo/Library/TinyTeX/texmf-dist/tex/latex/latexconfig/epstopdf-sys.cfg
File: epstopdf-sys.cfg 2010/07/13 v1.3 Configuration of (r)epstopdf for TeX Live
))
*geometry* driver: auto-detecting
*geometry* detected driver: pdftex
*geometry* verbose mode - [ preamble ] result:
* driver: pdftex
* paper: <default>
* layout: <same size as paper>
* layoutoffset:(h,v)=(0.0pt,0.0pt)
* modes: twoside 
* h-part:(L,W,R)=(85.35826pt, 443.57848pt, 85.35826pt)
* v-part:(T,H,B)=(85.35826pt, 624.25346pt, 85.35826pt)
* \paperwidth=614.295pt
* \paperheight=794.96999pt
* \textwidth=443.57848pt
* \textheight=624.25346pt
* \oddsidemargin=13.08827pt
* \evensidemargin=13.08827pt
* \topmargin=-16.97922pt
* \headheight=12.0pt
* \headsep=18.06749pt
* \topskip=10.0pt
* \footskip=25.29494pt
* \marginparwidth=125.0pt
* \marginparsep=7.0pt
* \columnsep=10.0pt
* \skip\footins=9.0pt plus 4.0pt minus 2.0pt
* \hoffset=0.0pt
* \voffset=0.0pt
* \mag=1000
* \@twocolumnfalse
* \@twosidetrue
* \@mparswitchtrue
* \@reversemarginfalse
* (1in=72.27pt=25.4mm, 1cm=28.453pt)

Package hyperref Info: Link coloring OFF on input line 163.
(./CT4H_lecture_notes.out) (./CT4H_lecture_notes.out)
\@outlinefile=\write4
\openout4 = `CT4H_lecture_notes.out'.

LaTeX Font Info:    Trying to load font information for OT1+lmr on input line 165.
(/Users/rachelo/Library/TinyTeX/texmf-dist/tex/latex/lm/ot1lmr.fd
File: ot1lmr.fd 2015/05/01 v1.6.1 Font defs for Latin Modern
)
LaTeX Font Info:    Trying to load font information for OML+lmm on input line 165.
(/Users/rachelo/Library/TinyTeX/texmf-dist/tex/latex/lm/omllmm.fd
File: omllmm.fd 2015/05/01 v1.6.1 Font defs for Latin Modern
)
LaTeX Font Info:    Trying to load font information for OMS+lmsy on input line 165.
(/Users/rachelo/Library/TinyTeX/texmf-dist/tex/latex/lm/omslmsy.fd
File: omslmsy.fd 2015/05/01 v1.6.1 Font defs for Latin Modern
)
LaTeX Font Info:    Trying to load font information for OMX+lmex on input line 165.
(/Users/rachelo/Library/TinyTeX/texmf-dist/tex/latex/lm/omxlmex.fd
File: omxlmex.fd 2015/05/01 v1.6.1 Font defs for Latin Modern
)
LaTeX Font Info:    External font `lmex10' loaded for size
(Font)              <12> on input line 165.
LaTeX Font Info:    External font `lmex10' loaded for size
(Font)              <8> on input line 165.
LaTeX Font Info:    External font `lmex10' loaded for size
(Font)              <6> on input line 165.
LaTeX Font Info:    Trying to load font information for U+msa on input line 165.
(/Users/rachelo/Library/TinyTeX/texmf-dist/tex/latex/amsfonts/umsa.fd
File: umsa.fd 2013/01/14 v3.01 AMS symbols A
)
LaTeX Font Info:    Trying to load font information for U+msb on input line 165.
(/Users/rachelo/Library/TinyTeX/texmf-dist/tex/latex/amsfonts/umsb.fd
File: umsb.fd 2013/01/14 v3.01 AMS symbols B
) [1


{/Users/rachelo/Library/TinyTeX/texmf-var/fonts/map/pdftex/updmap/pdftex.map}{/Users/rachelo/Library/TinyTeX/texmf-dist/fonts/enc/dvips/lm/lm-ec.enc}] (./CT4H_lecture_notes.toc
LaTeX Font Info:    External font `lmex10' loaded for size
(Font)              <10> on input line 3.
LaTeX Font Info:    External font `lmex10' loaded for size
(Font)              <7> on input line 3.
LaTeX Font Info:    External font `lmex10' loaded for size
(Font)              <5> on input line 3.
)
\tf@toc=\write5
\openout5 = `CT4H_lecture_notes.toc'.

[2

{/Users/rachelo/Library/TinyTeX/texmf-dist/fonts/enc/dvips/lm/lm-mathit.enc}{/Users/rachelo/Library/TinyTeX/texmf-dist/fonts/enc/dvips/lm/lm-rm.enc}]
Chapter 1.
[3

]
Chapter 2.
LaTeX Font Info:    Trying to load font information for TS1+lmr on input line 187.
(/Users/rachelo/Library/TinyTeX/texmf-dist/tex/latex/lm/ts1lmr.fd
File: ts1lmr.fd 2015/05/01 v1.6.1 Font defs for Latin Modern
) [4

{/Users/rachelo/Library/TinyTeX/texmf-dist/fonts/enc/dvips/lm/lm-ts1.enc}] [5]
<CT4H_lecture_notes_files/figure-latex/t31-onesided-1.pdf, id=154, 469.755pt x 325.215pt>
File: CT4H_lecture_notes_files/figure-latex/t31-onesided-1.pdf Graphic file (type pdf)
<use CT4H_lecture_notes_files/figure-latex/t31-onesided-1.pdf>
Package pdftex.def Info: CT4H_lecture_notes_files/figure-latex/t31-onesided-1.pdf  used on input line 275.
(pdftex.def)             Requested size: 443.57677pt x 307.0916pt.
[6{/Users/rachelo/Library/TinyTeX/texmf-dist/fonts/enc/dvips/lm/lm-mathsy.enc} <./CT4H_lecture_notes_files/figure-latex/t31-onesided-1.pdf>]
<CT4H_lecture_notes_files/figure-latex/t31-twosided-1.pdf, id=172, 469.755pt x 325.215pt>
File: CT4H_lecture_notes_files/figure-latex/t31-twosided-1.pdf Graphic file (type pdf)
<use CT4H_lecture_notes_files/figure-latex/t31-twosided-1.pdf>
Package pdftex.def Info: CT4H_lecture_notes_files/figure-latex/t31-twosided-1.pdf  used on input line 294.
(pdftex.def)             Requested size: 443.57677pt x 307.0916pt.
[7 <./CT4H_lecture_notes_files/figure-latex/t31-twosided-1.pdf>] [8{/Users/rachelo/Library/TinyTeX/texmf-dist/fonts/enc/dvips/lm/lm-mathex.enc}] [9]
<CT4H_lecture_notes_files/figure-latex/unnamed-chunk-2-1.pdf, id=203, 469.755pt x 325.215pt>
File: CT4H_lecture_notes_files/figure-latex/unnamed-chunk-2-1.pdf Graphic file (type pdf)
<use CT4H_lecture_notes_files/figure-latex/unnamed-chunk-2-1.pdf>
Package pdftex.def Info: CT4H_lecture_notes_files/figure-latex/unnamed-chunk-2-1.pdf  used on input line 406.
(pdftex.def)             Requested size: 443.57677pt x 307.0916pt.
LaTeX Font Info:    Trying to load font information for T1+lmtt on input line 407.
(/Users/rachelo/Library/TinyTeX/texmf-dist/tex/latex/lm/t1lmtt.fd
File: t1lmtt.fd 2015/05/01 v1.6.1 Font defs for Latin Modern
)
Underfull \hbox (badness 10000) in paragraph at lines 406--408
[][]
 []

[10 <./CT4H_lecture_notes_files/figure-latex/unnamed-chunk-2-1.pdf>]
LaTeX Font Info:    External font `lmex10' loaded for size
(Font)              <14.4> on input line 426.
<CT4H_lecture_notes_files/figure-latex/accepth0-1.pdf, id=221, 469.755pt x 325.215pt>
File: CT4H_lecture_notes_files/figure-latex/accepth0-1.pdf Graphic file (type pdf)
<use CT4H_lecture_notes_files/figure-latex/accepth0-1.pdf>
Package pdftex.def Info: CT4H_lecture_notes_files/figure-latex/accepth0-1.pdf  used on input line 453.
(pdftex.def)             Requested size: 443.57677pt x 307.0916pt.
[11

]
<CT4H_lecture_notes_files/figure-latex/accepth0-1-1.pdf, id=231, 469.755pt x 325.215pt>
File: CT4H_lecture_notes_files/figure-latex/accepth0-1-1.pdf Graphic file (type pdf)
<use CT4H_lecture_notes_files/figure-latex/accepth0-1-1.pdf>
Package pdftex.def Info: CT4H_lecture_notes_files/figure-latex/accepth0-1-1.pdf  used on input line 465.
(pdftex.def)             Requested size: 443.57677pt x 307.0916pt.
[12 <./CT4H_lecture_notes_files/figure-latex/accepth0-1.pdf>] [13 <./CT4H_lecture_notes_files/figure-latex/accepth0-1-1.pdf>]
<CT4H_lecture_notes_files/figure-latex/powercurve-1.pdf, id=265, 578.16pt x 289.08pt>
File: CT4H_lecture_notes_files/figure-latex/powercurve-1.pdf Graphic file (type pdf)
<use CT4H_lecture_notes_files/figure-latex/powercurve-1.pdf>
Package pdftex.def Info: CT4H_lecture_notes_files/figure-latex/powercurve-1.pdf  used on input line 499.
(pdftex.def)             Requested size: 443.57896pt x 221.78947pt.
[14 <./CT4H_lecture_notes_files/figure-latex/powercurve-1.pdf>] [15] [16]
Chapter 3.
[17

] [18] [19] [20] [21] [22]
<CT4H_lecture_notes_files/figure-latex/srs-alloc-1.pdf, id=354, 469.755pt x 289.08pt>
File: CT4H_lecture_notes_files/figure-latex/srs-alloc-1.pdf Graphic file (type pdf)
<use CT4H_lecture_notes_files/figure-latex/srs-alloc-1.pdf>
Package pdftex.def Info: CT4H_lecture_notes_files/figure-latex/srs-alloc-1.pdf  used on input line 862.
(pdftex.def)             Requested size: 443.57677pt x 272.9703pt.
[23]
<CT4H_lecture_notes_files/figure-latex/srsalloc300-1.pdf, id=362, 469.755pt x 289.08pt>
File: CT4H_lecture_notes_files/figure-latex/srsalloc300-1.pdf Graphic file (type pdf)
<use CT4H_lecture_notes_files/figure-latex/srsalloc300-1.pdf>
Package pdftex.def Info: CT4H_lecture_notes_files/figure-latex/srsalloc300-1.pdf  used on input line 870.
(pdftex.def)             Requested size: 443.57677pt x 272.9703pt.
[24 <./CT4H_lecture_notes_files/figure-latex/srs-alloc-1.pdf>] [25 <./CT4H_lecture_notes_files/figure-latex/srsalloc300-1.pdf>] [26] [27]
<CT4H_lecture_notes_files/figure-latex/biasedcoin-p2thirds-1.pdf, id=406, 469.755pt x 252.945pt>
File: CT4H_lecture_notes_files/figure-latex/biasedcoin-p2thirds-1.pdf Graphic file (type pdf)
<use CT4H_lecture_notes_files/figure-latex/biasedcoin-p2thirds-1.pdf>
Package pdftex.def Info: CT4H_lecture_notes_files/figure-latex/biasedcoin-p2thirds-1.pdf  used on input line 1024.
(pdftex.def)             Requested size: 443.57677pt x 238.84903pt.
<CT4H_lecture_notes_files/figure-latex/p-nearlyhalf-1.pdf, id=408, 469.755pt x 252.945pt>
File: CT4H_lecture_notes_files/figure-latex/p-nearlyhalf-1.pdf Graphic file (type pdf)
<use CT4H_lecture_notes_files/figure-latex/p-nearlyhalf-1.pdf>
Package pdftex.def Info: CT4H_lecture_notes_files/figure-latex/p-nearlyhalf-1.pdf  used on input line 1032.
(pdftex.def)             Requested size: 443.57677pt x 238.84903pt.
<CT4H_lecture_notes_files/figure-latex/p-nearlyone-1.pdf, id=410, 469.755pt x 252.945pt>
File: CT4H_lecture_notes_files/figure-latex/p-nearlyone-1.pdf Graphic file (type pdf)
<use CT4H_lecture_notes_files/figure-latex/p-nearlyone-1.pdf>
Package pdftex.def Info: CT4H_lecture_notes_files/figure-latex/p-nearlyone-1.pdf  used on input line 1040.
(pdftex.def)             Requested size: 443.57677pt x 238.84903pt.
[28 <./CT4H_lecture_notes_files/figure-latex/biasedcoin-p2thirds-1.pdf>] [29 <./CT4H_lecture_notes_files/figure-latex/p-nearlyhalf-1.pdf> <./CT4H_lecture_notes_files/figure-latex/p-nearlyone-1.pdf>] [30]
<CT4H_lecture_notes_files/figure-latex/urn11-1.pdf, id=444, 469.755pt x 252.945pt>
File: CT4H_lecture_notes_files/figure-latex/urn11-1.pdf Graphic file (type pdf)
<use CT4H_lecture_notes_files/figure-latex/urn11-1.pdf>
Package pdftex.def Info: CT4H_lecture_notes_files/figure-latex/urn11-1.pdf  used on input line 1130.
(pdftex.def)             Requested size: 443.57677pt x 238.84903pt.
<CT4H_lecture_notes_files/figure-latex/urn18-1.pdf, id=445, 469.755pt x 252.945pt>
File: CT4H_lecture_notes_files/figure-latex/urn18-1.pdf Graphic file (type pdf)
<use CT4H_lecture_notes_files/figure-latex/urn18-1.pdf>
Package pdftex.def Info: CT4H_lecture_notes_files/figure-latex/urn18-1.pdf  used on input line 1136.
(pdftex.def)             Requested size: 443.57677pt x 238.84903pt.
<CT4H_lecture_notes_files/figure-latex/urn81-1.pdf, id=446, 469.755pt x 252.945pt>
File: CT4H_lecture_notes_files/figure-latex/urn81-1.pdf Graphic file (type pdf)
<use CT4H_lecture_notes_files/figure-latex/urn81-1.pdf>
Package pdftex.def Info: CT4H_lecture_notes_files/figure-latex/urn81-1.pdf  used on input line 1142.
(pdftex.def)             Requested size: 443.57677pt x 238.84903pt.
[31] [32 <./CT4H_lecture_notes_files/figure-latex/urn11-1.pdf> <./CT4H_lecture_notes_files/figure-latex/urn18-1.pdf>] [33 <./CT4H_lecture_notes_files/figure-latex/urn81-1.pdf>] [34] [35] [36]
<images/licorice.jpg, id=521, 198.7425pt x 246.9225pt>
File: images/licorice.jpg Graphic file (type jpg)
<use images/licorice.jpg>
Package pdftex.def Info: images/licorice.jpg  used on input line 1360.
(pdftex.def)             Requested size: 198.742pt x 246.92188pt.
<CT4H_lecture_notes_files/figure-latex/unnamed-chunk-7-1.pdf, id=522, 469.755pt x 325.215pt>
File: CT4H_lecture_notes_files/figure-latex/unnamed-chunk-7-1.pdf Graphic file (type pdf)
<use CT4H_lecture_notes_files/figure-latex/unnamed-chunk-7-1.pdf>
Package pdftex.def Info: CT4H_lecture_notes_files/figure-latex/unnamed-chunk-7-1.pdf  used on input line 1377.
(pdftex.def)             Requested size: 443.57677pt x 307.0916pt.
[37 <./images/licorice.jpg>] [38 <./CT4H_lecture_notes_files/figure-latex/unnamed-chunk-7-1.pdf>]
Chapter 4.
[39

] [40]
<CT4H_lecture_notes_files/figure-latex/ttestcapt-1.pdf, id=565, 469.755pt x 325.215pt>
File: CT4H_lecture_notes_files/figure-latex/ttestcapt-1.pdf Graphic file (type pdf)
<use CT4H_lecture_notes_files/figure-latex/ttestcapt-1.pdf>
Package pdftex.def Info: CT4H_lecture_notes_files/figure-latex/ttestcapt-1.pdf  used on input line 1522.
(pdftex.def)             Requested size: 443.57677pt x 307.0916pt.
LaTeX Font Info:    Font shape `T1/lmtt/bx/n' in size <10> not available
(Font)              Font shape `T1/lmtt/b/n' tried instead on input line 1530.
[41 <./CT4H_lecture_notes_files/figure-latex/ttestcapt-1.pdf>] [42] [43] [44] [45]

LaTeX Warning: Reference `fig:hommel' on page 46 undefined on input line 1846.

<CT4H_lecture_notes_files/figure-latex/hommel-1.pdf, id=614, 469.755pt x 325.215pt>
File: CT4H_lecture_notes_files/figure-latex/hommel-1.pdf Graphic file (type pdf)
<use CT4H_lecture_notes_files/figure-latex/hommel-1.pdf>
Package pdftex.def Info: CT4H_lecture_notes_files/figure-latex/hommel-1.pdf  used on input line 1848.
(pdftex.def)             Requested size: 443.57677pt x 307.0916pt.

Underfull \hbox (badness 10000) in paragraph at lines 1848--1850
[][]
 []

[46] [47 <./CT4H_lecture_notes_files/figure-latex/hommel-1.pdf>] [48] [49]
<CT4H_lecture_notes_files/figure-latex/unnamed-chunk-11-1.pdf, id=650, 469.755pt x 325.215pt>
File: CT4H_lecture_notes_files/figure-latex/unnamed-chunk-11-1.pdf Graphic file (type pdf)
<use CT4H_lecture_notes_files/figure-latex/unnamed-chunk-11-1.pdf>
Package pdftex.def Info: CT4H_lecture_notes_files/figure-latex/unnamed-chunk-11-1.pdf  used on input line 1980.
(pdftex.def)             Requested size: 443.57677pt x 307.0916pt.
[50 <./CT4H_lecture_notes_files/figure-latex/unnamed-chunk-11-1.pdf>]
<CT4H_lecture_notes_files/figure-latex/unnamed-chunk-12-1.pdf, id=660, 469.755pt x 325.215pt>
File: CT4H_lecture_notes_files/figure-latex/unnamed-chunk-12-1.pdf Graphic file (type pdf)
<use CT4H_lecture_notes_files/figure-latex/unnamed-chunk-12-1.pdf>
Package pdftex.def Info: CT4H_lecture_notes_files/figure-latex/unnamed-chunk-12-1.pdf  used on input line 2006.
(pdftex.def)             Requested size: 443.57677pt x 307.0916pt.
[51 <./CT4H_lecture_notes_files/figure-latex/unnamed-chunk-12-1.pdf>] [52]
LaTeX Font Info:    Trying to load font information for TS1+lmtt on input line 2081.
(/Users/rachelo/Library/TinyTeX/texmf-dist/tex/latex/lm/ts1lmtt.fd
File: ts1lmtt.fd 2015/05/01 v1.6.1 Font defs for Latin Modern
) [53]
<CT4H_lecture_notes_files/figure-latex/unnamed-chunk-17-1.pdf, id=696, 469.755pt x 325.215pt>
File: CT4H_lecture_notes_files/figure-latex/unnamed-chunk-17-1.pdf Graphic file (type pdf)
<use CT4H_lecture_notes_files/figure-latex/unnamed-chunk-17-1.pdf>
Package pdftex.def Info: CT4H_lecture_notes_files/figure-latex/unnamed-chunk-17-1.pdf  used on input line 2170.
(pdftex.def)             Requested size: 443.57677pt x 307.0916pt.
[54] [55 <./CT4H_lecture_notes_files/figure-latex/unnamed-chunk-17-1.pdf>] [56] (./CT4H_lecture_notes.aux)
 ***********
LaTeX2e <2023-11-01>
L3 programming layer <2023-11-09>
 ***********

LaTeX Warning: There were undefined references.

Package rerunfilecheck Info: File `CT4H_lecture_notes.out' has not changed.
(rerunfilecheck)             Checksum: B4BA46ED7AB8E01ECAE0E0B67D5465A3;3942.
 ) 
Here is how much of TeX's memory you used:
 12374 strings out of 476227
 198082 string characters out of 5795781
 1942555 words of memory out of 5000000
 33885 multiletter control sequences out of 15000+600000
 648494 words of font info for 98 fonts, out of 8000000 for 9000
 14 hyphenation exceptions out of 8191
 75i,14n,79p,1093b,710s stack positions out of 10000i,1000n,20000p,200000b,200000s
</Users/rachelo/Library/TinyTeX/texmf-dist/fonts/type1/public/lm/lmbx10.pfb></Users/rachelo/Library/TinyTeX/texmf-dist/fonts/type1/public/lm/lmbx12.pfb></Users/rachelo/Library/TinyTeX/texmf-dist/fonts/type1/public/lm/lmbxi10.pfb></Users/rachelo/Library/TinyTeX/texmf-dist/fonts/type1/public/lm/lmex10.pfb></Users/rachelo/Library/TinyTeX/texmf-dist/fonts/type1/public/lm/lmmi10.pfb></Users/rachelo/Library/TinyTeX/texmf-dist/fonts/type1/public/lm/lmmi12.pfb></Users/rachelo/Library/TinyTeX/texmf-dist/fonts/type1/public/lm/lmmi5.pfb></Users/rachelo/Library/TinyTeX/texmf-dist/fonts/type1/public/lm/lmmi7.pfb></Users/rachelo/Library/TinyTeX/texmf-dist/fonts/type1/public/lm/lmmi8.pfb></Users/rachelo/Library/TinyTeX/texmf-dist/fonts/type1/public/lm/lmr10.pfb></Users/rachelo/Library/TinyTeX/texmf-dist/fonts/type1/public/lm/lmr12.pfb></Users/rachelo/Library/TinyTeX/texmf-dist/fonts/type1/public/lm/lmr17.pfb></Users/rachelo/Library/TinyTeX/texmf-dist/fonts/type1/public/lm/lmr5.pfb></Users/rachelo/Library/TinyTeX/texmf-dist/fonts/type1/public/lm/lmr7.pfb></Users/rachelo/Library/TinyTeX/texmf-dist/fonts/type1/public/lm/lmri10.pfb></Users/rachelo/Library/TinyTeX/texmf-dist/fonts/type1/public/lm/lmro10.pfb></Users/rachelo/Library/TinyTeX/texmf-dist/fonts/type1/public/lm/lmsy10.pfb></Users/rachelo/Library/TinyTeX/texmf-dist/fonts/type1/public/lm/lmsy7.pfb></Users/rachelo/Library/TinyTeX/texmf-dist/fonts/type1/public/lm/lmtk10.pfb></Users/rachelo/Library/TinyTeX/texmf-dist/fonts/type1/public/lm/lmtt10.pfb></Users/rachelo/Library/TinyTeX/texmf-dist/fonts/type1/public/lm/lmtti10.pfb>
Output written on CT4H_lecture_notes.pdf (56 pages, 777192 bytes).
PDF statistics:
 877 PDF objects out of 1000 (max. 8388607)
 724 compressed objects within 8 object streams
 231 named destinations out of 1000 (max. 500000)
 274 words of extra memory for PDF output out of 10000 (max. 10000000)

